[debug] [2023-08-24T18:47:53.416Z] ----------------------------------------------------------------------
[debug] [2023-08-24T18:47:53.418Z] Command:       C:\Program Files\nodejs\node.exe C:\Users\gearp\AppData\Roaming\npm\node_modules\firebase-tools\lib\bin\firebase.js deploy --only hosting:mock-cards
[debug] [2023-08-24T18:47:53.419Z] CLI Version:   12.5.1
[debug] [2023-08-24T18:47:53.419Z] Platform:      win32
[debug] [2023-08-24T18:47:53.419Z] Node Version:  v18.2.0
[debug] [2023-08-24T18:47:53.428Z] Time:          Thu Aug 24 2023 14:47:53 GMT-0400 (Eastern Daylight Time)
[debug] [2023-08-24T18:47:53.428Z] ----------------------------------------------------------------------
[debug] 
[debug] [2023-08-24T18:47:53.521Z] > command requires scopes: ["email","openid","https://www.googleapis.com/auth/cloudplatformprojects.readonly","https://www.googleapis.com/auth/firebase","https://www.googleapis.com/auth/cloud-platform"]
[debug] [2023-08-24T18:47:53.522Z] > authorizing via signed-in user (justin@jvaughn.org)
[debug] [2023-08-24T18:47:53.522Z] [iam] checking project portfolio-site for permissions ["firebase.projects.get","firebasehosting.sites.update"]
[debug] [2023-08-24T18:47:53.525Z] >>> [apiv2][query] POST https://cloudresourcemanager.googleapis.com/v1/projects/portfolio-site:testIamPermissions [none]
[debug] [2023-08-24T18:47:53.526Z] >>> [apiv2][(partial)header] POST https://cloudresourcemanager.googleapis.com/v1/projects/portfolio-site:testIamPermissions x-goog-quota-user=projects/portfolio-site
[debug] [2023-08-24T18:47:53.526Z] >>> [apiv2][body] POST https://cloudresourcemanager.googleapis.com/v1/projects/portfolio-site:testIamPermissions {"permissions":["firebase.projects.get","firebasehosting.sites.update"]}
[debug] [2023-08-24T18:47:53.918Z] <<< [apiv2][status] POST https://cloudresourcemanager.googleapis.com/v1/projects/portfolio-site:testIamPermissions 200
[debug] [2023-08-24T18:47:53.918Z] <<< [apiv2][body] POST https://cloudresourcemanager.googleapis.com/v1/projects/portfolio-site:testIamPermissions {}
[debug] [2023-08-24T18:47:53.919Z] [iam] error while checking permissions, command may fail: FirebaseError: Authorization failed. This account is missing the following required permissions on project portfolio-site:

  firebase.projects.get
  firebasehosting.sites.update
[debug] [2023-08-24T18:47:53.920Z] >>> [apiv2][query] GET https://firebase.googleapis.com/v1beta1/projects/portfolio-site [none]
[debug] [2023-08-24T18:47:54.222Z] <<< [apiv2][status] GET https://firebase.googleapis.com/v1beta1/projects/portfolio-site 403
[debug] [2023-08-24T18:47:54.223Z] <<< [apiv2][body] GET https://firebase.googleapis.com/v1beta1/projects/portfolio-site {"error":{"code":403,"message":"The caller does not have permission","status":"PERMISSION_DENIED"}}
[debug] [2023-08-24T18:47:54.224Z] HTTP Error: 403, The caller does not have permission
[debug] [2023-08-24T18:47:54.338Z] FirebaseError: HTTP Error: 403, The caller does not have permission
    at responseToError (C:\Users\gearp\AppData\Roaming\npm\node_modules\firebase-tools\lib\responseToError.js:49:12)
    at RetryOperation._fn (C:\Users\gearp\AppData\Roaming\npm\node_modules\firebase-tools\lib\apiv2.js:285:77)
    at process.processTicksAndRejections (node:internal/process/task_queues:95:5)
[error] 
[error] Error: Failed to get Firebase project portfolio-site. Please make sure the project exists and your account has permission to access it.
